Using pre-set license
Built from '2020.3/staging' branch; Version is '2020.3.26f1 (7298b473bc1a) revision 7510196'; Using compiler version '192528614'; Build Type 'Release'
OS: 'Windows 11  (10.0.22000) 64bit Core' Language: 'ko' Physical Memory: 8001 MB
BatchMode: 1, IsHumanControllingUs: 0, StartBugReporterOnCrash: 0, Is64bit: 1, IsPro: 0

COMMAND LINE ARGUMENTS:
C:\Program Files\Unity\Hub\Editor\2020.3.26f1\Editor\Unity.exe
-adb2
-batchMode
-noUpm
-name
AssetImportWorker0
-projectPath
C:/Users/82108/Desktop/AR_unity/floor_AR
-logFile
Logs/AssetImportWorker0.log
-srvPort
55892
Successfully changed project path to: C:/Users/82108/Desktop/AR_unity/floor_AR
C:/Users/82108/Desktop/AR_unity/floor_AR
Using Asset Import Pipeline V2.
Refreshing native plugins compatible for Editor in 49.93 ms, found 2 plugins.
Preloading 0 native plugins for Editor in 0.00 ms.
Initialize engine version: 2020.3.26f1 (7298b473bc1a)
[Subsystems] Discovering subsystems at path C:/Program Files/Unity/Hub/Editor/2020.3.26f1/Editor/Data/Resources/UnitySubsystems
[Subsystems] Discovering subsystems at path C:/Users/82108/Desktop/AR_unity/floor_AR/Assets
GfxDevice: creating device client; threaded=0
Direct3D:
    Version:  Direct3D 11.0 [level 11.1]
    Renderer: Intel(R) UHD Graphics (ID=0x9b41)
    Vendor:   
    VRAM:     4000 MB
    Driver:   26.20.100.7870
Initialize mono
Mono path[0] = 'C:/Program Files/Unity/Hub/Editor/2020.3.26f1/Editor/Data/Managed'
Mono path[1] = 'C:/Program Files/Unity/Hub/Editor/2020.3.26f1/Editor/Data/MonoBleedingEdge/lib/mono/unityjit'
Mono config path = 'C:/Program Files/Unity/Hub/Editor/2020.3.26f1/Editor/Data/MonoBleedingEdge/etc'
Using monoOptions --debugger-agent=transport=dt_socket,embedding=1,server=y,suspend=n,address=127.0.0.1:56124
Begin MonoManager ReloadAssembly
Registering precompiled unity dll's ...
Register platform support module: C:/Program Files/Unity/Hub/Editor/2020.3.26f1/Editor/Data/PlaybackEngines/WebGLSupport/UnityEditor.WebGL.Extensions.dll
Register platform support module: C:/Program Files/Unity/Hub/Editor/2020.3.26f1/Editor/Data/PlaybackEngines/WindowsStandaloneSupport/UnityEditor.WindowsStandalone.Extensions.dll
Registered in 0.006035 seconds.
Native extension for WindowsStandalone target not found
Native extension for WebGL target not found
Refreshing native plugins compatible for Editor in 40.61 ms, found 2 plugins.
Preloading 0 native plugins for Editor in 0.00 ms.
Mono: successfully reloaded assembly
- Completed reload, in  0.820 seconds
Domain Reload Profiling:
	ReloadAssembly (821ms)
		BeginReloadAssembly (97ms)
			ExecutionOrderSort (0ms)
			DisableScriptedObjects (0ms)
			BackupInstance (0ms)
			ReleaseScriptingObjects (0ms)
			CreateAndSetChildDomain (2ms)
		EndReloadAssembly (617ms)
			LoadAssemblies (93ms)
			RebuildTransferFunctionScriptingTraits (0ms)
			SetupTypeCache (203ms)
			ReleaseScriptCaches (0ms)
			RebuildScriptCaches (38ms)
			SetupLoadedEditorAssemblies (221ms)
				LogAssemblyErrors (0ms)
				InitializePlatformSupportModulesInManaged (7ms)
				SetLoadedEditorAssemblies (1ms)
				RefreshPlugins (41ms)
				BeforeProcessingInitializeOnLoad (12ms)
				ProcessInitializeOnLoadAttributes (116ms)
				ProcessInitializeOnLoadMethodAttributes (43ms)
				AfterProcessingInitializeOnLoad (0ms)
				EditorAssembliesLoaded (0ms)
			ExecutionOrderSort2 (0ms)
			AwakeInstancesAfterBackupRestoration (0ms)
Platform modules already initialized, skipping
Registering precompiled user dll's ...
Registered in 0.008382 seconds.
Begin MonoManager ReloadAssembly
Native extension for WindowsStandalone target not found
Native extension for WebGL target not found
Refreshing native plugins compatible for Editor in 0.44 ms, found 2 plugins.
Preloading 0 native plugins for Editor in 0.00 ms.
Mono: successfully reloaded assembly
- Completed reload, in  1.492 seconds
Domain Reload Profiling:
	ReloadAssembly (1500ms)
		BeginReloadAssembly (203ms)
			ExecutionOrderSort (0ms)
			DisableScriptedObjects (5ms)
			BackupInstance (0ms)
			ReleaseScriptingObjects (0ms)
			CreateAndSetChildDomain (26ms)
		EndReloadAssembly (1212ms)
			LoadAssemblies (151ms)
			RebuildTransferFunctionScriptingTraits (0ms)
			SetupTypeCache (408ms)
			ReleaseScriptCaches (0ms)
			RebuildScriptCaches (111ms)
			SetupLoadedEditorAssemblies (425ms)
				LogAssemblyErrors (0ms)
				InitializePlatformSupportModulesInManaged (9ms)
				SetLoadedEditorAssemblies (1ms)
				RefreshPlugins (1ms)
				BeforeProcessingInitializeOnLoad (98ms)
				ProcessInitializeOnLoadAttributes (292ms)
				ProcessInitializeOnLoadMethodAttributes (13ms)
				AfterProcessingInitializeOnLoad (12ms)
				EditorAssembliesLoaded (0ms)
			ExecutionOrderSort2 (0ms)
			AwakeInstancesAfterBackupRestoration (7ms)
Platform modules already initialized, skipping
========================================================================
Worker process is ready to serve import requests
Launched and connected shader compiler UnityShaderCompiler.exe after 0.08 seconds
Refreshing native plugins compatible for Editor in 0.42 ms, found 2 plugins.
Preloading 0 native plugins for Editor in 0.00 ms.
Unloading 1851 Unused Serialized files (Serialized files now loaded: 0)
System memory in use before: 81.7 MB.
System memory in use after: 81.8 MB.

Unloading 21 unused Assets to reduce memory usage. Loaded Objects now: 2283.
Total: 3.250800 ms (FindLiveObjects: 0.196900 ms CreateObjectMapping: 0.061900 ms MarkObjects: 2.918400 ms  DeleteObjects: 0.072800 ms)

AssetImportParameters requested are different than current active one (requested -> active):
  custom:framework-win-MediaFoundation: 216162199b28c13a410421893ffa2e32 -> 
  custom:video-decoder-ogg-theora: a1e56fd34408186e4bbccfd4996cb3dc -> 
  custom:container-muxer-webm: aa71ff27fc2769a1b78a27578f13a17b -> 
  custom:container-demuxer-webm: 4f35f7cbe854078d1ac9338744f61a02 -> 
  custom:container-demuxer-ogg: 62fdf1f143b41e24485cea50d1cbac27 -> 
  custom:video-encoder-webm-vp8: eb34c28f22e8b96e1ab97ce403110664 -> 
  custom:video-codec-MediaFoundation-h265: 746d11721c4dcdbdad8f713fa42b33f4 -> 
  custom:video-decoder-webm-vp8: 9c59270c3fd7afecdb556c50c9e8de78 -> 
  custom:audio-decoder-ogg-vorbis: bf7c407c2cedff20999df2af8eb42d56 -> 
  custom:audio-encoder-webm-vorbis: bf7c407c2cedff20999df2af8eb42d56 -> 
========================================================================
Received Import Request.
  path: Packages/com.unity.xr.legacyinputhelpers/Prefabs/XRRig.prefab
  artifactKey: Guid(c116b7497ab8ca34c9188965d4295e27) Importer(815301076,1909f56bfc062723c751e8b465ee728b)
Start importing Packages/com.unity.xr.legacyinputhelpers/Prefabs/XRRig.prefab using Guid(c116b7497ab8ca34c9188965d4295e27) Importer(815301076,1909f56bfc062723c751e8b465ee728b)  -> (artifact id: '53e5402df3ba6997afeb4e074ac5eb80') in 0.086524 seconds 
  Import took 0.092597 seconds .

========================================================================
Received Import Request.
  Time since last request: 217.120091 seconds.
  path: Assets/Fox
  artifactKey: Guid(e9fb3708cec59964dacb8b15a256fe60) Importer(815301076,1909f56bfc062723c751e8b465ee728b)
Start importing Assets/Fox using Guid(e9fb3708cec59964dacb8b15a256fe60) Importer(815301076,1909f56bfc062723c751e8b465ee728b)  -> (artifact id: '0e46e9fa5b91b1fa5ccc9ff952a0b84c') in 0.005964 seconds 
  Import took 0.012111 seconds .

========================================================================
Received Import Request.
  Time since last request: 2.435051 seconds.
  path: Assets/Fox/Animations
  artifactKey: Guid(869b0f11ec8aeab4182700fd3ab87223) Importer(815301076,1909f56bfc062723c751e8b465ee728b)
Start importing Assets/Fox/Animations using Guid(869b0f11ec8aeab4182700fd3ab87223) Importer(815301076,1909f56bfc062723c751e8b465ee728b)  -> (artifact id: 'e4612ce84050b24e844896bc9fb11b2e') in 0.009804 seconds 
  Import took 0.014635 seconds .

========================================================================
Received Import Request.
  Time since last request: 1.280217 seconds.
  path: Assets/Fox/Animations/Fox_Attack_Paws.fbx
  artifactKey: Guid(baae981a03a70004b9188fe1ac277200) Importer(815301076,1909f56bfc062723c751e8b465ee728b)
Start importing Assets/Fox/Animations/Fox_Attack_Paws.fbx using Guid(baae981a03a70004b9188fe1ac277200) Importer(815301076,1909f56bfc062723c751e8b465ee728b)  -> (artifact id: '4e2989d42c27323613182eb75a792ac0') in 0.314552 seconds 
  Import took 0.320048 seconds .

========================================================================
Received Import Request.
  Time since last request: 0.000309 seconds.
  path: Assets/Fox/Animations/Fox_Sit1.fbx
  artifactKey: Guid(c59a20e486f80ba4e859d4ef9574f9bb) Importer(815301076,1909f56bfc062723c751e8b465ee728b)
Start importing Assets/Fox/Animations/Fox_Sit1.fbx using Guid(c59a20e486f80ba4e859d4ef9574f9bb) Importer(815301076,1909f56bfc062723c751e8b465ee728b)  -> (artifact id: '0bbd41f51f5c8938e648eecbc31771cc') in 0.063129 seconds 
  Import took 0.066521 seconds .

========================================================================
Received Import Request.
  Time since last request: 0.000304 seconds.
  path: Assets/Fox/Animations/Fox_Sit_No.fbx
  artifactKey: Guid(13236cf41befc77498c6245c317911ae) Importer(815301076,1909f56bfc062723c751e8b465ee728b)
Start importing Assets/Fox/Animations/Fox_Sit_No.fbx using Guid(13236cf41befc77498c6245c317911ae) Importer(815301076,1909f56bfc062723c751e8b465ee728b)  -> (artifact id: 'f5b87104efdb874288b596ff55361fb7') in 0.061211 seconds 
  Import took 0.066227 seconds .

========================================================================
Received Import Request.
  Time since last request: 0.000351 seconds.
  path: Assets/Fox/Animations/Fox_Run.fbx
  artifactKey: Guid(70c4ef9204c08ce429fd08a494bb1033) Importer(815301076,1909f56bfc062723c751e8b465ee728b)
Start importing Assets/Fox/Animations/Fox_Run.fbx using Guid(70c4ef9204c08ce429fd08a494bb1033) Importer(815301076,1909f56bfc062723c751e8b465ee728b)  -> (artifact id: 'dc8892e2cc712f53aa65a7d57fdcca08') in 0.056272 seconds 
  Import took 0.059776 seconds .

========================================================================
Received Import Request.
  Time since last request: 0.000393 seconds.
  path: Assets/Fox/Animations/Fox_Sit_Yes.fbx
  artifactKey: Guid(e73c2dbc3de029f41bbdd4fd33d9fef8) Importer(815301076,1909f56bfc062723c751e8b465ee728b)
Start importing Assets/Fox/Animations/Fox_Sit_Yes.fbx using Guid(e73c2dbc3de029f41bbdd4fd33d9fef8) Importer(815301076,1909f56bfc062723c751e8b465ee728b)  -> (artifact id: '83a4a6071407d1ef4c770016a91f271a') in 0.062267 seconds 
  Import took 0.066037 seconds .

========================================================================
Received Import Request.
  Time since last request: 0.000316 seconds.
  path: Assets/Fox/Animations/Fox_Jump.fbx
  artifactKey: Guid(8ca578f25a346e248800bad0f5224350) Importer(815301076,1909f56bfc062723c751e8b465ee728b)
Start importing Assets/Fox/Animations/Fox_Jump.fbx using Guid(8ca578f25a346e248800bad0f5224350) Importer(815301076,1909f56bfc062723c751e8b465ee728b)  -> (artifact id: '16ddec5c46fdc7f4ccd4ba6b9a623ce9') in 0.063713 seconds 
  Import took 0.068115 seconds .

========================================================================
Received Import Request.
  Time since last request: 0.001808 seconds.
  path: Assets/Fox/Animations/Fox_Sit2_Idle.fbx
  artifactKey: Guid(a2e546d7d9c06c5438e2982ef4737ce3) Importer(815301076,1909f56bfc062723c751e8b465ee728b)
Start importing Assets/Fox/Animations/Fox_Sit2_Idle.fbx using Guid(a2e546d7d9c06c5438e2982ef4737ce3) Importer(815301076,1909f56bfc062723c751e8b465ee728b)  -> (artifact id: 'c36ef589e6d857b34a6627b943782aea') in 0.032344 seconds 
  Import took 0.036450 seconds .

========================================================================
Received Import Request.
  Time since last request: 0.000252 seconds.
  path: Assets/Fox/Animations/Fox_Run_Left_InPlace.fbx
  artifactKey: Guid(ba2500356de6e014d9477dc115771f94) Importer(815301076,1909f56bfc062723c751e8b465ee728b)
Start importing Assets/Fox/Animations/Fox_Run_Left_InPlace.fbx using Guid(ba2500356de6e014d9477dc115771f94) Importer(815301076,1909f56bfc062723c751e8b465ee728b)  -> (artifact id: '7b1c469ba090fb3c51c616294475ecd0') in 0.028543 seconds 
  Import took 0.031420 seconds .

========================================================================
Received Import Request.
  Time since last request: 0.000238 seconds.
  path: Assets/Fox/Animations/Fox_Walk.fbx
  artifactKey: Guid(f56a614af49e8f74fb38d336d6b77e35) Importer(815301076,1909f56bfc062723c751e8b465ee728b)
Start importing Assets/Fox/Animations/Fox_Walk.fbx using Guid(f56a614af49e8f74fb38d336d6b77e35) Importer(815301076,1909f56bfc062723c751e8b465ee728b)  -> (artifact id: '37e15acd570b7531415d8b12047311d1') in 0.058869 seconds 
  Import took 0.063318 seconds .

========================================================================
Received Import Request.
  Time since last request: 0.000693 seconds.
  path: Assets/Fox/Animations/Fox_Walk_InPlace.fbx
  artifactKey: Guid(236b1614aa86e0f4db0792352a73d455) Importer(815301076,1909f56bfc062723c751e8b465ee728b)
Start importing Assets/Fox/Animations/Fox_Walk_InPlace.fbx using Guid(236b1614aa86e0f4db0792352a73d455) Importer(815301076,1909f56bfc062723c751e8b465ee728b)  -> (artifact id: 'b1dc5cde24f7d7f739bae8ec2abcfdc3') in 0.031968 seconds 
  Import took 0.035329 seconds .

========================================================================
Received Import Request.
  Time since last request: 0.000298 seconds.
  path: Assets/Fox/Animations/Fox_Run_Right_InPlace.fbx
  artifactKey: Guid(490c9560e31fae748af6de79fbaecb10) Importer(815301076,1909f56bfc062723c751e8b465ee728b)
Start importing Assets/Fox/Animations/Fox_Run_Right_InPlace.fbx using Guid(490c9560e31fae748af6de79fbaecb10) Importer(815301076,1909f56bfc062723c751e8b465ee728b)  -> (artifact id: 'eb37aed949787873e6f6836fc3b7351d') in 0.028156 seconds 
  Import took 0.031184 seconds .

========================================================================
Received Import Request.
  Time since last request: 0.000248 seconds.
  path: Assets/Fox/Animations/Fox_Somersault.fbx
  artifactKey: Guid(ce33bd1fdecb0de4dba1419f7763a5b0) Importer(815301076,1909f56bfc062723c751e8b465ee728b)
Start importing Assets/Fox/Animations/Fox_Somersault.fbx using Guid(ce33bd1fdecb0de4dba1419f7763a5b0) Importer(815301076,1909f56bfc062723c751e8b465ee728b)  -> (artifact id: 'faaccf8c445fd0fb2211acb5e0c75a0a') in 0.059820 seconds 
  Import took 0.064647 seconds .

========================================================================
Received Import Request.
  Time since last request: 0.000857 seconds.
  path: Assets/Fox/Animations/Fox_Walk_Right_InPlace.fbx
  artifactKey: Guid(bdbaf568193ceb44eb952bb2af5f3837) Importer(815301076,1909f56bfc062723c751e8b465ee728b)
Start importing Assets/Fox/Animations/Fox_Walk_Right_InPlace.fbx using Guid(bdbaf568193ceb44eb952bb2af5f3837) Importer(815301076,1909f56bfc062723c751e8b465ee728b)  -> (artifact id: 'bd5d33480349f6fa0dac360204cfddda') in 0.032570 seconds 
  Import took 0.036227 seconds .

========================================================================
Received Import Request.
  Time since last request: 0.000260 seconds.
  path: Assets/Fox/Animations/Fox_Attack_Tail.fbx
  artifactKey: Guid(b19a75272a0f3534fb0ab2cc67456a74) Importer(815301076,1909f56bfc062723c751e8b465ee728b)
Start importing Assets/Fox/Animations/Fox_Attack_Tail.fbx using Guid(b19a75272a0f3534fb0ab2cc67456a74) Importer(815301076,1909f56bfc062723c751e8b465ee728b)  -> (artifact id: '820c346a05591e3361eb56b9c8b9881d') in 0.029046 seconds 
  Import took 0.032405 seconds .

========================================================================
Received Import Request.
  Time since last request: 0.000287 seconds.
  path: Assets/Fox/Animations/Fox_Run_InPlace.fbx
  artifactKey: Guid(93da703632b047d43b8f3a2b0f902424) Importer(815301076,1909f56bfc062723c751e8b465ee728b)
Start importing Assets/Fox/Animations/Fox_Run_InPlace.fbx using Guid(93da703632b047d43b8f3a2b0f902424) Importer(815301076,1909f56bfc062723c751e8b465ee728b)  -> (artifact id: 'c0a22488ff073bdad912e40352c79928') in 0.056385 seconds 
  Import took 0.060034 seconds .

========================================================================
Received Import Request.
  Time since last request: 0.000380 seconds.
  path: Assets/Fox/Animations/Fox_Jump_Pivot_InPlace.fbx
  artifactKey: Guid(2d694cd30f631174093a1111c4ed8895) Importer(815301076,1909f56bfc062723c751e8b465ee728b)
Start importing Assets/Fox/Animations/Fox_Jump_Pivot_InPlace.fbx using Guid(2d694cd30f631174093a1111c4ed8895) Importer(815301076,1909f56bfc062723c751e8b465ee728b)  -> (artifact id: '4c7a04f7ea60c8213739c58b757cbcd0') in 0.031696 seconds 
  Import took 0.036597 seconds .

========================================================================
Received Import Request.
  Time since last request: 0.000287 seconds.
  path: Assets/Fox/Animations/Fox_Falling_Left.fbx
  artifactKey: Guid(9eb4afe5321a98247a4a1b7f9e0e5ee6) Importer(815301076,1909f56bfc062723c751e8b465ee728b)
Start importing Assets/Fox/Animations/Fox_Falling_Left.fbx using Guid(9eb4afe5321a98247a4a1b7f9e0e5ee6) Importer(815301076,1909f56bfc062723c751e8b465ee728b)  -> (artifact id: 'c93da29cefaa26328490c7bc3b69c3ee') in 0.029865 seconds 
  Import took 0.032925 seconds .

========================================================================
Received Import Request.
  Time since last request: 0.000258 seconds.
  path: Assets/Fox/Animations/Fox_Run_Right.fbx
  artifactKey: Guid(cc3accffe68d76c4fba0db9dc9cf4a4a) Importer(815301076,1909f56bfc062723c751e8b465ee728b)
Start importing Assets/Fox/Animations/Fox_Run_Right.fbx using Guid(cc3accffe68d76c4fba0db9dc9cf4a4a) Importer(815301076,1909f56bfc062723c751e8b465ee728b)  -> (artifact id: '1baa002254689779f0f5655c39c4ba57') in 0.063133 seconds 
  Import took 0.067954 seconds .

========================================================================
Received Import Request.
  Time since last request: 0.000451 seconds.
  path: Assets/Fox/Animations/Fox_Walk_Right.fbx
  artifactKey: Guid(8f0cf4218cd736142a75f73f2ce615ba) Importer(815301076,1909f56bfc062723c751e8b465ee728b)
Start importing Assets/Fox/Animations/Fox_Walk_Right.fbx using Guid(8f0cf4218cd736142a75f73f2ce615ba) Importer(815301076,1909f56bfc062723c751e8b465ee728b)  -> (artifact id: '330b748474964b071308816b13ca244d') in 0.075786 seconds 
  Import took 0.082723 seconds .

========================================================================
Received Import Request.
  Time since last request: 0.000427 seconds.
  path: Assets/Fox/Animations/Fox_Falling.fbx
  artifactKey: Guid(a07c42bf9096a064880415fc6125d716) Importer(815301076,1909f56bfc062723c751e8b465ee728b)
Start importing Assets/Fox/Animations/Fox_Falling.fbx using Guid(a07c42bf9096a064880415fc6125d716) Importer(815301076,1909f56bfc062723c751e8b465ee728b)  -> (artifact id: '1ced11493fc924616870de58346023ea') in 0.034402 seconds 
  Import took 0.037969 seconds .

========================================================================
Received Import Request.
  Time since last request: 0.000377 seconds.
  path: Assets/Fox/Animations/Fox_Run_Left.fbx
  artifactKey: Guid(5ae8ff9eadf8f554688979fee65f0aef) Importer(815301076,1909f56bfc062723c751e8b465ee728b)
Start importing Assets/Fox/Animations/Fox_Run_Left.fbx using Guid(5ae8ff9eadf8f554688979fee65f0aef) Importer(815301076,1909f56bfc062723c751e8b465ee728b)  -> (artifact id: '64849e5e85539ef7e3f6a46347357638') in 0.030766 seconds 
  Import took 0.033915 seconds .

========================================================================
Received Import Request.
  Time since last request: 0.000331 seconds.
  path: Assets/Fox/Animations/Fox_Walk_Back_InPlace.fbx
  artifactKey: Guid(90c44eee7e281954292e37471017ab8e) Importer(815301076,1909f56bfc062723c751e8b465ee728b)
Start importing Assets/Fox/Animations/Fox_Walk_Back_InPlace.fbx using Guid(90c44eee7e281954292e37471017ab8e) Importer(815301076,1909f56bfc062723c751e8b465ee728b)  -> (artifact id: 'e803e2f274b82e37084e3cabffa16830') in 0.040566 seconds 
  Import took 0.044957 seconds .

========================================================================
Received Import Request.
  Time since last request: 0.003313 seconds.
  path: Assets/Fox/Animations/Fox_Jump_InAir.fbx
  artifactKey: Guid(e004cd5a03acf764d911027f6ca2b528) Importer(815301076,1909f56bfc062723c751e8b465ee728b)
Start importing Assets/Fox/Animations/Fox_Jump_InAir.fbx using Guid(e004cd5a03acf764d911027f6ca2b528) Importer(815301076,1909f56bfc062723c751e8b465ee728b)  -> (artifact id: '7dcdc4a4b97ebc78b789b355d7effe01') in 0.076898 seconds 
  Import took 0.084542 seconds .

========================================================================
Received Import Request.
  Time since last request: 0.000498 seconds.
  path: Assets/Fox/Animations/Fox_Walk_Left.fbx
  artifactKey: Guid(bc0cfd164a2579d41851505ba8332e40) Importer(815301076,1909f56bfc062723c751e8b465ee728b)
Start importing Assets/Fox/Animations/Fox_Walk_Left.fbx using Guid(bc0cfd164a2579d41851505ba8332e40) Importer(815301076,1909f56bfc062723c751e8b465ee728b)  -> (artifact id: 'a97e52c645dd8cb167c9ddb3460b9055') in 0.032731 seconds 
  Import took 0.036316 seconds .

========================================================================
Received Import Request.
  Time since last request: 0.000271 seconds.
  path: Assets/Fox/Animations/Fox_Sit_Idle_Break.fbx
  artifactKey: Guid(d606362d2cd19554aaf474b16d557924) Importer(815301076,1909f56bfc062723c751e8b465ee728b)
Start importing Assets/Fox/Animations/Fox_Sit_Idle_Break.fbx using Guid(d606362d2cd19554aaf474b16d557924) Importer(815301076,1909f56bfc062723c751e8b465ee728b)  -> (artifact id: 'bbc1ca31828fbe9963b7b0f9f02e6036') in 0.395321 seconds 
  Import took 0.398696 seconds .

========================================================================
Received Import Request.
  Time since last request: 0.000369 seconds.
  path: Assets/Fox/Animations/Fox_Idle.fbx
  artifactKey: Guid(09884bf878afb4549bea8fb4f77e5ea0) Importer(815301076,1909f56bfc062723c751e8b465ee728b)
Start importing Assets/Fox/Animations/Fox_Idle.fbx using Guid(09884bf878afb4549bea8fb4f77e5ea0) Importer(815301076,1909f56bfc062723c751e8b465ee728b)  -> (artifact id: '53e2a94d204ba61192999e39c82b9da7') in 0.071643 seconds 
  Import took 0.075265 seconds .

========================================================================
Received Import Request.
  Time since last request: 0.000296 seconds.
  path: Assets/Fox/Animations/Fox_Sit3_StandUp.fbx
  artifactKey: Guid(02d99976b4a0880419ef0381cb525dfe) Importer(815301076,1909f56bfc062723c751e8b465ee728b)
Start importing Assets/Fox/Animations/Fox_Sit3_StandUp.fbx using Guid(02d99976b4a0880419ef0381cb525dfe) Importer(815301076,1909f56bfc062723c751e8b465ee728b)  -> (artifact id: '7b59bad624311d64876ee4000bac3025') in 0.031778 seconds 
  Import took 0.034846 seconds .

========================================================================
Received Import Request.
  Time since last request: 0.000252 seconds.
  path: Assets/Fox/Animations/Fox_Walk_Left_InPlace.fbx
  artifactKey: Guid(b2adcf57d666f76469d4ca24956e82b7) Importer(815301076,1909f56bfc062723c751e8b465ee728b)
Start importing Assets/Fox/Animations/Fox_Walk_Left_InPlace.fbx using Guid(b2adcf57d666f76469d4ca24956e82b7) Importer(815301076,1909f56bfc062723c751e8b465ee728b)  -> (artifact id: '87ef27a0e5bb18cb18f11514d2780aa8') in 0.052844 seconds 
  Import took 0.056833 seconds .

========================================================================
Received Import Request.
  Time since last request: 0.000304 seconds.
  path: Assets/Fox/Animations/Fox_Walk_Back.fbx
  artifactKey: Guid(34bb4f81661abcd4fae58c9a9d6bdbe3) Importer(815301076,1909f56bfc062723c751e8b465ee728b)
Start importing Assets/Fox/Animations/Fox_Walk_Back.fbx using Guid(34bb4f81661abcd4fae58c9a9d6bdbe3) Importer(815301076,1909f56bfc062723c751e8b465ee728b)  -> (artifact id: 'fa8e7e054a1576dd6462b631783ae5c2') in 0.033161 seconds 
  Import took 0.039004 seconds .

========================================================================
Received Import Request.
  Time since last request: 0.000491 seconds.
  path: Assets/Fox/Animations/Fox_Somersault_InPlace.fbx
  artifactKey: Guid(0473e26d90c4a994ead38f256c99c5b9) Importer(815301076,1909f56bfc062723c751e8b465ee728b)
Start importing Assets/Fox/Animations/Fox_Somersault_InPlace.fbx using Guid(0473e26d90c4a994ead38f256c99c5b9) Importer(815301076,1909f56bfc062723c751e8b465ee728b)  -> (artifact id: 'bc2e1df7902bee33b54524b917c4dac4') in 0.083671 seconds 
  Import took 0.088185 seconds .

========================================================================
Received Import Request.
  Time since last request: 59.342538 seconds.
  path: Assets/Fox/Materials/M_Fox.mat
  artifactKey: Guid(4ad23863efbf001479d8ebd01ef00654) Importer(815301076,1909f56bfc062723c751e8b465ee728b)
Start importing Assets/Fox/Materials/M_Fox.mat using Guid(4ad23863efbf001479d8ebd01ef00654) Importer(815301076,1909f56bfc062723c751e8b465ee728b)  -> (artifact id: '98649ccb8aa50a288f30a3a8c760cc84') in 0.204372 seconds 
  Import took 0.209020 seconds .

========================================================================
Received Prepare
Refreshing native plugins compatible for Editor in 6.38 ms, found 2 plugins.
Preloading 0 native plugins for Editor in 0.00 ms.
Unloading 13 Unused Serialized files (Serialized files now loaded: 0)
System memory in use before: 63.2 MB.
System memory in use after: 63.3 MB.

Unloading 12 unused Assets to reduce memory usage. Loaded Objects now: 2329.
Total: 5.086900 ms (FindLiveObjects: 0.357100 ms CreateObjectMapping: 0.189400 ms MarkObjects: 4.517700 ms  DeleteObjects: 0.021100 ms)

AssetImportParameters requested are different than current active one (requested -> active):
  custom:framework-win-MediaFoundation: 216162199b28c13a410421893ffa2e32 -> 
  custom:video-decoder-ogg-theora: a1e56fd34408186e4bbccfd4996cb3dc -> 
  custom:container-muxer-webm: aa71ff27fc2769a1b78a27578f13a17b -> 
  custom:container-demuxer-webm: 4f35f7cbe854078d1ac9338744f61a02 -> 
  custom:container-demuxer-ogg: 62fdf1f143b41e24485cea50d1cbac27 -> 
  custom:video-encoder-webm-vp8: eb34c28f22e8b96e1ab97ce403110664 -> 
  custom:video-codec-MediaFoundation-h265: 746d11721c4dcdbdad8f713fa42b33f4 -> 
  custom:video-decoder-webm-vp8: 9c59270c3fd7afecdb556c50c9e8de78 -> 
  custom:audio-decoder-ogg-vorbis: bf7c407c2cedff20999df2af8eb42d56 -> 
  custom:audio-encoder-webm-vorbis: bf7c407c2cedff20999df2af8eb42d56 -> 
========================================================================
Received Import Request.
  Time since last request: 245.994739 seconds.
  path: Assets/Fox/FBXs/Fox.fbx
  artifactKey: Guid(91e4778cdfb185d4d9bfe81556dc4333) Importer(815301076,1909f56bfc062723c751e8b465ee728b)
Start importing Assets/Fox/FBXs/Fox.fbx using Guid(91e4778cdfb185d4d9bfe81556dc4333) Importer(815301076,1909f56bfc062723c751e8b465ee728b)  -> (artifact id: '0f6ea4f1d3b72c402961d86358ff05f8') in 0.222482 seconds 
  Import took 0.227957 seconds .

========================================================================
Received Prepare
Refreshing native plugins compatible for Editor in 16.05 ms, found 2 plugins.
Preloading 0 native plugins for Editor in 0.00 ms.
Unloading 12 Unused Serialized files (Serialized files now loaded: 0)
System memory in use before: 63.5 MB.
System memory in use after: 63.6 MB.

Unloading 12 unused Assets to reduce memory usage. Loaded Objects now: 2329.
Total: 5.208500 ms (FindLiveObjects: 0.366600 ms CreateObjectMapping: 0.170200 ms MarkObjects: 4.638700 ms  DeleteObjects: 0.030700 ms)

AssetImportParameters requested are different than current active one (requested -> active):
  custom:framework-win-MediaFoundation: 216162199b28c13a410421893ffa2e32 -> 
  custom:video-decoder-ogg-theora: a1e56fd34408186e4bbccfd4996cb3dc -> 
  custom:container-muxer-webm: aa71ff27fc2769a1b78a27578f13a17b -> 
  custom:container-demuxer-webm: 4f35f7cbe854078d1ac9338744f61a02 -> 
  custom:container-demuxer-ogg: 62fdf1f143b41e24485cea50d1cbac27 -> 
  custom:video-encoder-webm-vp8: eb34c28f22e8b96e1ab97ce403110664 -> 
  custom:video-codec-MediaFoundation-h265: 746d11721c4dcdbdad8f713fa42b33f4 -> 
  custom:video-decoder-webm-vp8: 9c59270c3fd7afecdb556c50c9e8de78 -> 
  custom:audio-decoder-ogg-vorbis: bf7c407c2cedff20999df2af8eb42d56 -> 
  custom:audio-encoder-webm-vorbis: bf7c407c2cedff20999df2af8eb42d56 -> 
========================================================================
Received Import Request.
  Time since last request: 483.093543 seconds.
  path: Assets/Fox/Materials
  artifactKey: Guid(f6721ed8e51962840b55be3854982711) Importer(815301076,1909f56bfc062723c751e8b465ee728b)
Start importing Assets/Fox/Materials using Guid(f6721ed8e51962840b55be3854982711) Importer(815301076,1909f56bfc062723c751e8b465ee728b)  -> (artifact id: '3bd8c3112eb4acb53dc1a5d0caba184b') in 0.017452 seconds 
  Import took 0.038107 seconds .

========================================================================
Received Import Request.
  Time since last request: 2.100176 seconds.
  path: Assets/Fox/Prefabs
  artifactKey: Guid(5111af2f92f2ed94dbebf7e19b2950f0) Importer(815301076,1909f56bfc062723c751e8b465ee728b)
Start importing Assets/Fox/Prefabs using Guid(5111af2f92f2ed94dbebf7e19b2950f0) Importer(815301076,1909f56bfc062723c751e8b465ee728b)  -> (artifact id: '014c69ffabe65c3c1a9bfb762ed8a016') in 0.014542 seconds 
  Import took 0.021535 seconds .

========================================================================
Received Import Request.
  Time since last request: 0.048458 seconds.
  path: Assets/Fox/Prefabs/Fox.prefab
  artifactKey: Guid(9fedecbd1aa68924b816f15cb97e611a) Importer(815301076,1909f56bfc062723c751e8b465ee728b)
Start importing Assets/Fox/Prefabs/Fox.prefab using Guid(9fedecbd1aa68924b816f15cb97e611a) Importer(815301076,1909f56bfc062723c751e8b465ee728b)  -> (artifact id: '66c26265facc7cb2392cbb9669f1c1ff') in 0.523963 seconds 
  Import took 0.534590 seconds .

========================================================================
Received Import Request.
  Time since last request: 1.482587 seconds.
  path: Assets/Fox/Scenes
  artifactKey: Guid(fdedc5eb6a8938a49bd72aff65fcc004) Importer(815301076,1909f56bfc062723c751e8b465ee728b)
Start importing Assets/Fox/Scenes using Guid(fdedc5eb6a8938a49bd72aff65fcc004) Importer(815301076,1909f56bfc062723c751e8b465ee728b)  -> (artifact id: 'd8b627b58987c37b9fe8656c46ea9b41') in 0.010334 seconds 
  Import took 0.017809 seconds .

========================================================================
Received Import Request.
  Time since last request: 1.635097 seconds.
  path: Assets/Fox/Scenes/Fox_Scene.unity
  artifactKey: Guid(ee69267fc0e7a664195ed89bf963397e) Importer(815301076,1909f56bfc062723c751e8b465ee728b)
Start importing Assets/Fox/Scenes/Fox_Scene.unity using Guid(ee69267fc0e7a664195ed89bf963397e) Importer(815301076,1909f56bfc062723c751e8b465ee728b)  -> (artifact id: '6b7299f2d9dfb31ab76809efa46a1614') in 0.016325 seconds 
  Import took 0.025458 seconds .

========================================================================
Received Import Request.
  Time since last request: 3.062935 seconds.
  path: Assets/Fox/Textures
  artifactKey: Guid(a2f87bcac00211a42b93067222815097) Importer(815301076,1909f56bfc062723c751e8b465ee728b)
Start importing Assets/Fox/Textures using Guid(a2f87bcac00211a42b93067222815097) Importer(815301076,1909f56bfc062723c751e8b465ee728b)  -> (artifact id: 'c4e75fc3085c11340316f3cf16993f00') in 0.012717 seconds 
  Import took 0.019080 seconds .

========================================================================
Received Import Request.
  Time since last request: 0.045526 seconds.
  path: Assets/Fox/Textures/T_Fox_AO.png
  artifactKey: Guid(de207d8f5cd3bc944807063352ece8be) Importer(815301076,1909f56bfc062723c751e8b465ee728b)
Start importing Assets/Fox/Textures/T_Fox_AO.png using Guid(de207d8f5cd3bc944807063352ece8be) Importer(815301076,1909f56bfc062723c751e8b465ee728b)  -> (artifact id: 'a596f6cd574b8ab2247e54fd21a406cb') in 0.127583 seconds 
  Import took 0.133537 seconds .

========================================================================
Received Import Request.
  Time since last request: 0.000406 seconds.
  path: Assets/Fox/Textures/T_Fox_Normal.png
  artifactKey: Guid(928b919063a51c0419938a86dfc30832) Importer(815301076,1909f56bfc062723c751e8b465ee728b)
Start importing Assets/Fox/Textures/T_Fox_Normal.png using Guid(928b919063a51c0419938a86dfc30832) Importer(815301076,1909f56bfc062723c751e8b465ee728b)  -> (artifact id: '4c8d8e5edbc1c50d969e48760537161e') in 0.095732 seconds 
  Import took 0.099691 seconds .

========================================================================
Received Import Request.
  Time since last request: 0.000332 seconds.
  path: Assets/Fox/Textures/T_Fox_BC.png
  artifactKey: Guid(79796825a2ee329439a7e85260061098) Importer(815301076,1909f56bfc062723c751e8b465ee728b)
Start importing Assets/Fox/Textures/T_Fox_BC.png using Guid(79796825a2ee329439a7e85260061098) Importer(815301076,1909f56bfc062723c751e8b465ee728b)  -> (artifact id: '33f45cead184589d9861f4cb66c2dff7') in 0.086999 seconds 
  Import took 0.091233 seconds .

========================================================================
Received Import Request.
  Time since last request: 102.662841 seconds.
  path: Assets/Fox/Animations/Fox_ Animator_Controller.controller
  artifactKey: Guid(0c5b7ffa0a986b24ea0ddfc7e545c76b) Importer(815301076,1909f56bfc062723c751e8b465ee728b)
Start importing Assets/Fox/Animations/Fox_ Animator_Controller.controller using Guid(0c5b7ffa0a986b24ea0ddfc7e545c76b) Importer(815301076,1909f56bfc062723c751e8b465ee728b)  -> (artifact id: 'dc16aa48dcbf6f71ce7e27faa1e7dd6b') in 0.117222 seconds 
  Import took 0.123021 seconds .

========================================================================
Received Import Request.
  Time since last request: 76.519781 seconds.
  path: Assets/Fox/Animations/Fox_Attack_Paws.fbx
  artifactKey: Guid(baae981a03a70004b9188fe1ac277200) Importer(815301076,1909f56bfc062723c751e8b465ee728b)
Start importing Assets/Fox/Animations/Fox_Attack_Paws.fbx using Guid(baae981a03a70004b9188fe1ac277200) Importer(815301076,1909f56bfc062723c751e8b465ee728b)  -> (artifact id: '155f9d3f0d8203aef826584bf81257dd') in 0.172685 seconds 
  Import took 0.183894 seconds .

========================================================================
Received Import Request.
  Time since last request: 45808.934832 seconds.
  path: Packages/com.unity.xr.arfoundation/Materials/DebugFace.mat
  artifactKey: Guid(35bd980c8f2234e3d8b640e25a677d65) Importer(815301076,1909f56bfc062723c751e8b465ee728b)
Start importing Packages/com.unity.xr.arfoundation/Materials/DebugFace.mat using Guid(35bd980c8f2234e3d8b640e25a677d65) Importer(815301076,1909f56bfc062723c751e8b465ee728b)  -> (artifact id: 'b775d5240a537cadaa102879a9b59061') in 0.219504 seconds 
  Import took 0.365920 seconds .

========================================================================
Received Import Request.
  Time since last request: 0.000852 seconds.
  path: Packages/com.unity.xr.arfoundation/Materials/DebugPlane.mat
  artifactKey: Guid(f1a110d32af21aa4d872c707dfcc6043) Importer(815301076,1909f56bfc062723c751e8b465ee728b)
Start importing Packages/com.unity.xr.arfoundation/Materials/DebugPlane.mat using Guid(f1a110d32af21aa4d872c707dfcc6043) Importer(815301076,1909f56bfc062723c751e8b465ee728b)  -> (artifact id: '867c37191734b83677301b6e336cd9ff') in 0.404413 seconds 
  Import took 0.409484 seconds .

AssetImportWorkerClient::OnTransportError - code=2 error=End of file
